[16:30:52] [ServerMain/INFO]: [bootstrap] Running Java 21 (OpenJDK 64-Bit Server VM 21.0.9+10-Ubuntu-124.04; Ubuntu null) on Linux 6.8.0-1030-azure (amd64)
[16:30:52] [ServerMain/INFO]: [bootstrap] Loading Paper 1.21.8-6-main@782ce95 (2025-07-18T20:26:58Z) for Minecraft 1.21.8
[16:30:53] [ServerMain/INFO]: [PluginInitializerManager] Initializing plugins...
[16:30:53] [ServerMain/INFO]: [PluginInitializerManager] Initialized 2 plugins
[16:30:53] [ServerMain/INFO]: [PluginInitializerManager] Bukkit plugins (2):
 - WorldEdit (7.3.17+7262-c7fbe08), voicechat (2.6.6)
[16:30:58] [ServerMain/INFO]: Environment: Environment[sessionHost=https://sessionserver.mojang.com, servicesHost=https://api.minecraftservices.com, name=PROD]
[16:31:01] [ServerMain/INFO]: Loaded 1407 recipes
[16:31:01] [ServerMain/INFO]: Loaded 1520 advancements
[16:31:01] [ServerMain/INFO]: [ca.spottedleaf.dataconverter.minecraft.datatypes.MCTypeRegistry] Initialising converters for DataConverter...
[16:31:01] [ServerMain/INFO]: [ca.spottedleaf.dataconverter.minecraft.datatypes.MCTypeRegistry] Finished initialising converters for DataConverter in 302.9ms
[16:31:01] [Server thread/INFO]: Starting minecraft server version 1.21.8
[16:31:01] [Server thread/INFO]: Loading properties
[16:31:01] [Server thread/INFO]: This server is running Paper version 1.21.8-6-main@782ce95 (2025-07-18T20:26:58Z) (Implementing API version 1.21.8-R0.1-SNAPSHOT)
[16:31:01] [Server thread/INFO]: [spark] This server bundles the spark profiler. For more information please visit https://docs.papermc.io/paper/profiling
[16:31:01] [Server thread/INFO]: Server Ping Player Sample Count: 12
[16:31:01] [Server thread/INFO]: Using 4 threads for Netty based IO
[16:31:02] [Server thread/INFO]: [MoonriseCommon] Paper is using 1 worker threads, 1 I/O threads
[16:31:02] [Server thread/INFO]: [ChunkTaskScheduler] Chunk system is using population gen parallelism: true
[16:31:02] [Server thread/INFO]: Default game type: SURVIVAL
[16:31:02] [Server thread/INFO]: Generating keypair
[16:31:02] [Server thread/INFO]: Starting Minecraft server on *:25565
[16:31:02] [Server thread/INFO]: Using epoll channel type
[16:31:02] [Server thread/INFO]: Paper: Using libdeflate (Linux x86_64) compression from Velocity.
[16:31:02] [Server thread/INFO]: Paper: Using OpenSSL 3.x.x (Linux x86_64) cipher from Velocity.
[16:31:03] [Server thread/INFO]: [WorldEdit] Loading server plugin WorldEdit v7.3.17+7262-c7fbe08
[16:31:03] [Server thread/INFO]: Got request to register class com.sk89q.worldedit.bukkit.BukkitServerInterface with WorldEdit [com.sk89q.worldedit.extension.platform.PlatformManager@7fa974e]
[16:31:03] [Server thread/INFO]: [voicechat] Loading server plugin voicechat v2.6.6
[16:31:03] [Server thread/INFO]: Server permissions file permissions.yml is empty, ignoring it
[16:31:03] [Server thread/INFO]: [WorldEdit] Enabling WorldEdit v7.3.17+7262-c7fbe08
[16:31:03] [Server thread/INFO]: Registering commands with com.sk89q.worldedit.bukkit.BukkitServerInterface
[16:31:03] [Server thread/INFO]: WEPIF: Using the Bukkit Permissions API.
[16:31:04] [Server thread/INFO]: Using com.sk89q.worldedit.bukkit.adapter.impl.v1_21_6.PaperweightAdapter as the Bukkit adapter
[16:31:05] [Server thread/WARN]: **** SERVER IS RUNNING IN OFFLINE/INSECURE MODE!
[16:31:05] [Server thread/WARN]: The server will make no attempt to authenticate usernames. Beware.
[16:31:05] [Server thread/WARN]: While this makes the game possible to play without internet access, it also opens up the ability for hackers to connect with any username they choose.
[16:31:05] [Server thread/WARN]: To change this, set "online-mode" to "true" in the server.properties file.
[16:31:05] [Server thread/INFO]: Preparing level "world"
[16:31:06] [Server thread/INFO]: Preparing start region for dimension minecraft:overworld
[16:31:06] [Server thread/INFO]: Preparing spawn area: 0%
[16:31:07] [Server thread/INFO]: Preparing spawn area: 20%
[16:31:07] [Server thread/INFO]: Time elapsed: 596 ms
[16:31:07] [Server thread/INFO]: Preparing start region for dimension minecraft:the_nether
[16:31:07] [Server thread/INFO]: Preparing spawn area: 0%
[16:31:07] [Server thread/INFO]: Preparing spawn area: 2%
[16:31:07] [Server thread/INFO]: Time elapsed: 601 ms
[16:31:07] [Server thread/INFO]: Preparing start region for dimension minecraft:the_end
[16:31:07] [Server thread/INFO]: Preparing spawn area: 0%
[16:31:07] [Server thread/INFO]: Time elapsed: 127 ms
[16:31:07] [Server thread/INFO]: [voicechat] Enabling voicechat v2.6.6
[16:31:08] [Server thread/INFO]: [voicechat] Initializing compatibility for version 1.21.8-R0.1
[16:31:08] [Server thread/INFO]: [voicechat] Compatibility version 20
[16:31:08] [Server thread/INFO]: [voicechat] Successfully initialized commodore command completion
[16:31:08] [Server thread/INFO]: [spark] Starting background profiler...
[16:31:08] [Server thread/INFO]: Done preparing level "world" (2.784s)
[16:31:08] [Server thread/INFO]: Running delayed init tasks
[16:31:08] [Server thread/INFO]: Done (16.571s)! For help, type "help"
[16:31:08] [Server thread/INFO]: [voicechat] Loading plugins
[16:31:08] [Server thread/INFO]: [voicechat] Loaded 0 plugin(s)
[16:31:08] [Server thread/INFO]: [voicechat] Initializing plugins
[16:31:08] [Server thread/INFO]: [voicechat] Initialized 0 plugin(s)
[16:31:08] [Server thread/WARN]: [voicechat] Running in offline mode - Voice chat encryption is not secure!
[16:31:08] [VoiceChatServerThread/INFO]: [voicechat] Voice chat server started at port 24454
